[2021-12-07T05:33:37.988Z]: Peer [1006] makes a TCP Connection to Peer [1001]
[2021-12-07T05:33:38.065Z]: Peer [1006] makes a TCP Connection to Peer [1002]
[2021-12-07T05:33:38.066Z]: Peer [1006] makes a TCP Connection to Peer [1003]
[2021-12-07T05:33:38.068Z]: Peer [1006] makes a TCP Connection to Peer [1004]
[2021-12-07T05:33:38.319Z]: Peer [1006] is connected from Peer [1004]
[2021-12-07T05:33:38.322Z]: Peer [1006] is connected from Peer [1003]
[2021-12-07T05:33:38.420Z]: Peer [1006] is connected from Peer [1001]
[2021-12-07T05:33:38.473Z]: Peer [1006] received the ‘not interested’ message from [1001]
[2021-12-07T05:33:38.473Z]: Peer [1006] received the ‘not interested’ message from [1003]
[2021-12-07T05:33:38.473Z]: Peer [1006] received the ‘not interested’ message from [1004]
[2021-12-07T05:33:38.566Z]: Peer [1006] is connected from Peer [1002]
[2021-12-07T05:33:38.667Z]: Peer [1006] received the ‘not interested’ message from [1002]
[2021-12-07T05:33:38.728Z]: Peer [1006] makes a TCP Connection to Peer [1005]
[2021-12-07T05:33:39.952Z]: Peer [1006] has the preferred neighbors []
[2021-12-07T05:33:40.408Z]: Peer [1006] has the optimistically unchoked neighbor []
[2021-12-07T05:33:41.076Z]: Peer [1006] is connected from Peer [1005]
[2021-12-07T05:33:44.399Z]: Peer [1006] has the preferred neighbors []
[2021-12-07T05:33:47.301Z]: Peer [1006] received the ‘interested’ message from [1005]
[2021-12-07T05:33:47.301Z]: Peer [1006] received the ‘have’ message from [1005] for the piece [0]
[2021-12-07T05:33:47.301Z]: Peer [1006] received the ‘have’ message from [1005] for the piece [0]
[2021-12-07T05:33:47.301Z]: Peer [1006] received the ‘have’ message from [1005] for the piece [7]
[2021-12-07T05:33:47.651Z]: Peer [1006] received the ‘have’ message from [1005] for the piece [17]
[2021-12-07T05:33:47.651Z]: Peer [1006] received the ‘have’ message from [1005] for the piece [22]
[2021-12-07T05:33:47.809Z]: Peer [1006] received the ‘have’ message from [1005] for the piece [53]
[2021-12-07T05:33:47.809Z]: Peer [1006] received the ‘have’ message from [1005] for the piece [64]
[2021-12-07T05:33:49.391Z]: Peer [1006] has the preferred neighbors [1005, ]
[2021-12-07T05:33:50.402Z]: Peer [1006] has the optimistically unchoked neighbor []
[2021-12-07T05:33:52.745Z]: Peer [1006] received the ‘have’ message from [1005] for the piece [25]
[2021-12-07T05:33:52.746Z]: Peer [1006] received the ‘have’ message from [1005] for the piece [9]
[2021-12-07T05:33:53.265Z]: Peer [1006] received the ‘have’ message from [1005] for the piece [22]
[2021-12-07T05:33:53.265Z]: Peer [1006] received the ‘have’ message from [1005] for the piece [15]
[2021-12-07T05:33:54.047Z]: Peer [1006] received the ‘have’ message from [1005] for the piece [6]
[2021-12-07T05:33:54.050Z]: Peer [1006] received the ‘have’ message from [1005] for the piece [46]
[2021-12-07T05:33:55.387Z]: Peer [1006] received the ‘have’ message from [1005] for the piece [31]
[2021-12-07T05:33:55.387Z]: Peer [1006] received the ‘have’ message from [1005] for the piece [39]
[2021-12-07T05:33:55.417Z]: Peer [1006] has the preferred neighbors [1005, ]
[2021-12-07T05:33:55.573Z]: Peer [1006] received the ‘have’ message from [1005] for the piece [55]
[2021-12-07T05:33:55.573Z]: Peer [1006] received the ‘have’ message from [1005] for the piece [51]
[2021-12-07T05:33:55.738Z]: Peer [1006] received the ‘have’ message from [1005] for the piece [50]
[2021-12-07T05:33:55.738Z]: Peer [1006] received the ‘have’ message from [1005] for the piece [57]
[2021-12-07T05:33:59.407Z]: Peer [1006] has the preferred neighbors [1005, ]
[2021-12-07T05:34:00.403Z]: Peer [1006] has the optimistically unchoked neighbor []
[2021-12-07T05:34:01.616Z]: Peer [1006] received the ‘have’ message from [1005] for the piece [5]
[2021-12-07T05:34:01.617Z]: Peer [1006] received the ‘have’ message from [1005] for the piece [26]
[2021-12-07T05:34:01.617Z]: Peer [1006] received the ‘have’ message from [1005] for the piece [56]
[2021-12-07T05:34:01.617Z]: Peer [1006] received the ‘have’ message from [1005] for the piece [50]
[2021-12-07T05:34:04.418Z]: Peer [1006] has the preferred neighbors [1005, ]
[2021-12-07T05:34:06.898Z]: Peer [1006] received the ‘have’ message from [1005] for the piece [42]
[2021-12-07T05:34:07.482Z]: Peer [1006] received the ‘have’ message from [1005] for the piece [16]
[2021-12-07T05:34:07.494Z]: Peer [1006] received the ‘have’ message from [1005] for the piece [52]
[2021-12-07T05:34:07.823Z]: Peer [1006] received the ‘have’ message from [1005] for the piece [33]
[2021-12-07T05:34:07.823Z]: Peer [1006] received the ‘have’ message from [1005] for the piece [58]
[2021-12-07T05:34:07.823Z]: Peer [1006] received the ‘have’ message from [1005] for the piece [1]
[2021-12-07T05:34:09.421Z]: Peer [1006] has the preferred neighbors [1005, ]
[2021-12-07T05:34:10.385Z]: Peer [1006] has the optimistically unchoked neighbor []
[2021-12-07T05:34:11.515Z]: Peer [1006] received the ‘have’ message from [1005] for the piece [27]
[2021-12-07T05:34:11.515Z]: Peer [1006] received the ‘have’ message from [1005] for the piece [44]
[2021-12-07T05:34:11.675Z]: Peer [1006] received the ‘have’ message from [1005] for the piece [38]
[2021-12-07T05:34:11.975Z]: Peer [1006] received the ‘have’ message from [1005] for the piece [4]
[2021-12-07T05:34:11.975Z]: Peer [1006] received the ‘have’ message from [1005] for the piece [30]
[2021-12-07T05:34:11.975Z]: Peer [1006] received the ‘have’ message from [1005] for the piece [63]
[2021-12-07T05:34:14.402Z]: Peer [1006] has the preferred neighbors [1005, ]
[2021-12-07T05:34:16.194Z]: Peer [1006] received the ‘have’ message from [1005] for the piece [27]
[2021-12-07T05:34:16.198Z]: Peer [1006] received the ‘have’ message from [1005] for the piece [3]
[2021-12-07T05:34:16.199Z]: Peer [1006] received the ‘have’ message from [1005] for the piece [60]
[2021-12-07T05:34:16.538Z]: Peer [1006] received the ‘have’ message from [1005] for the piece [40]
[2021-12-07T05:34:16.538Z]: Peer [1006] received the ‘have’ message from [1005] for the piece [29]
[2021-12-07T05:34:16.538Z]: Peer [1006] received the ‘have’ message from [1005] for the piece [32]
[2021-12-07T05:34:19.444Z]: Peer [1006] has the preferred neighbors [1005, ]
[2021-12-07T05:34:20.418Z]: Peer [1006] has the optimistically unchoked neighbor []
[2021-12-07T05:34:24.398Z]: Peer [1006] has the preferred neighbors [1005, ]
[2021-12-07T05:34:26.830Z]: Peer [1006] received the ‘have’ message from [1005] for the piece [43]
[2021-12-07T05:34:26.830Z]: Peer [1006] received the ‘have’ message from [1005] for the piece [36]
[2021-12-07T05:34:26.830Z]: Peer [1006] received the ‘have’ message from [1005] for the piece [66]
[2021-12-07T05:34:29.426Z]: Peer [1006] has the preferred neighbors [1005, ]
[2021-12-07T05:34:29.769Z]: Peer [1006] received the ‘have’ message from [1005] for the piece [47]
[2021-12-07T05:34:29.769Z]: Peer [1006] received the ‘have’ message from [1005] for the piece [47]
[2021-12-07T05:34:29.770Z]: Peer [1006] received the ‘have’ message from [1005] for the piece [21]
[2021-12-07T05:34:29.770Z]: Peer [1006] received the ‘have’ message from [1005] for the piece [2]
[2021-12-07T05:34:30.209Z]: Peer [1006] received the ‘have’ message from [1005] for the piece [59]
[2021-12-07T05:34:30.361Z]: Peer [1006] received the ‘have’ message from [1005] for the piece [61]
[2021-12-07T05:34:30.411Z]: Peer [1006] has the optimistically unchoked neighbor []
[2021-12-07T05:34:31.666Z]: Peer [1006] received the ‘have’ message from [1005] for the piece [37]
[2021-12-07T05:34:31.666Z]: Peer [1006] received the ‘have’ message from [1005] for the piece [65]
[2021-12-07T05:34:31.840Z]: Peer [1006] received the ‘have’ message from [1005] for the piece [54]
[2021-12-07T05:34:31.840Z]: Peer [1006] received the ‘have’ message from [1005] for the piece [18]
[2021-12-