[2021-12-07T05:32:49.996Z]: Peer [1003] makes a TCP Connection to Peer [1001]
[2021-12-07T05:32:50.061Z]: Peer [1003] makes a TCP Connection to Peer [1002]
[2021-12-07T05:32:50.102Z]: Peer [1003] is connected from Peer [1002]
[2021-12-07T05:32:50.109Z]: Peer [1003] is connected from Peer [1001]
[2021-12-07T05:32:50.150Z]: Peer [1003] received the ‘have’ message from [1002] for the piece [36]
[2021-12-07T05:32:50.168Z]: Peer [1003] received the ‘not interested’ message from [1001]
[2021-12-07T05:32:50.212Z]: Peer [1003] received the ‘not interested’ message from [1002]
[2021-12-07T05:32:50.215Z]: Peer [1003] has the preferred neighbors []
[2021-12-07T05:32:50.487Z]: Peer [1003] received the ‘have’ message from [1002] for the piece [47]
[2021-12-07T05:32:50.587Z]: Peer [1003] received the ‘have’ message from [1002] for the piece [8]
[2021-12-07T05:32:50.694Z]: Peer [1003] is unchoked by [1001]
[2021-12-07T05:32:50.694Z]: Peer [1003] received the ‘have’ message from [1002] for the piece [18]
[2021-12-07T05:32:50.715Z]: Peer [1003] is unchoked by [1002]
[2021-12-07T05:32:50.747Z]: Peer [1003] has downloaded the piece [63] from [1001]. Now the number of pieces it has is [1]
[2021-12-07T05:32:50.750Z]: Peer [1003] has downloaded the piece [55] from [1002]. Now the number of pieces it has is [2]
[2021-12-07T05:32:50.755Z]: Peer [1003] received the ‘have’ message from [1002] for the piece [37]
[2021-12-07T05:32:50.961Z]: Peer [1003] has downloaded the piece [13] from [1001]. Now the number of pieces it has is [3]
[2021-12-07T05:32:51.035Z]: Peer [1003] has downloaded the piece [16] from [1002]. Now the number of pieces it has is [4]
[2021-12-07T05:32:51.059Z]: Peer [1003] has downloaded the piece [29] from [1001]. Now the number of pieces it has is [5]
[2021-12-07T05:32:51.066Z]: Peer [1003] received the ‘have’ message from [1002] for the piece [57]
[2021-12-07T05:32:51.123Z]: Peer [1003] has downloaded the piece [62] from [1002]. Now the number of pieces it has is [6]
[2021-12-07T05:32:51.127Z]: Peer [1003] has downloaded the piece [18] from [1001]. Now the number of pieces it has is [7]
[2021-12-07T05:32:51.143Z]: Peer [1003] has the optimistically unchoked neighbor []
[2021-12-07T05:32:51.158Z]: Peer [1003] received the ‘have’ message from [1002] for the piece [17]
[2021-12-07T05:32:51.196Z]: Peer [1003] has downloaded the piece [58] from [1002]. Now the number of pieces it has is [8]
[2021-12-07T05:32:51.219Z]: Peer [1003] has downloaded the piece [30] from [1001]. Now the number of pieces it has is [9]
[2021-12-07T05:32:51.238Z]: Peer [1003] received the ‘have’ message from [1002] for the piece [23]
[2021-12-07T05:32:51.267Z]: Peer [1003] has downloaded the piece [49] from [1002]. Now the number of pieces it has is [10]
[2021-12-07T05:32:51.280Z]: Peer [1003] has downloaded the piece [6] from [1001]. Now the number of pieces it has is [11]
[2021-12-07T05:32:51.314Z]: Peer [1003] received the ‘have’ message from [1002] for the piece [25]
[2021-12-07T05:32:51.315Z]: Peer [1003] received the ‘not interested’ message from [1002]
[2021-12-07T05:32:51.329Z]: Peer [1003] has downloaded the piece [21] from [1002]. Now the number of pieces it has is [12]
[2021-12-07T05:32:51.366Z]: Peer [1003] has downloaded the piece [59] from [1001]. Now the number of pieces it has is [13]
[2021-12-07T05:32:51.391Z]: Peer [1003] has downloaded the piece [51] from [1002]. Now the number of pieces it has is [14]
[2021-12-07T05:32:51.465Z]: Peer [1003] has downloaded the piece [33] from [1001]. Now the number of pieces it has is [15]
[2021-12-07T05:32:51.471Z]: Peer [1003] has downloaded the piece [48] from [1002]. Now the number of pieces it has is [16]
[2021-12-07T05:32:51.553Z]: Peer [1003] has downloaded the piece [0] from [1002]. Now the number of pieces it has is [17]
[2021-12-07T05:32:51.558Z]: Peer [1003] has downloaded the piece [28] from [1001]. Now the number of pieces it has is [18]
[2021-12-07T05:32:51.636Z]: Peer [1003] has downloaded the piece [53] from [1002]. Now the number of pieces it has is [19]
[2021-12-07T05:32:51.636Z]: Peer [1003] has downloaded the piece [37] from [1001]. Now the number of pieces it has is [20]
[2021-12-07T05:32:51.699Z]: Peer [1003] has downloaded the piece [44] from [1001]. Now the number of pieces it has is [21]
[2021-12-07T05:32:51.745Z]: Peer [1003] has downloaded the piece [12] from [1002]. Now the number of pieces it has is [22]
[2021-12-07T05:32:51.770Z]: Peer [1003] has downloaded the piece [9] from [1001]. Now the number of pieces it has is [23]
[2021-12-07T05:32:51.832Z]: Peer [1003] has downloaded the piece [66] from [1002]. Now the number of pieces it has is [24]
[2021-12-07T05:32:51.868Z]: Peer [1003] has downloaded the piece [34] from [1001]. Now the number of pieces it has is [25]
[2021-12-07T05:32:51.903Z]: Peer [1003] has downloaded the piece [39] from [1002]. Now the number of pieces it has is [26]
[2021-12-07T05:32:51.946Z]: Peer [1003] has downloaded the piece [11] from [1001]. Now the number of pieces it has is [27]
[2021-12-07T05:32:51.970Z]: Peer [1003] has downloaded the piece [22] from [1002]. Now the number of pieces it has is [28]
[2021-12-07T05:32:52.027Z]: Peer [1003] has downloaded the piece [61] from [1001]. Now the number of pieces it has is [29]
[2021-12-07T05:32:52.044Z]: Peer [1003] has downloaded the piece [50] from [1002]. Now the number of pieces it has is [30]
[2021-12-07T05:32:52.093Z]: Peer [1003] has downloaded the piece [23] from [1001]. Now the number of pieces it has is [31]
[2021-12-07T05:32:52.125Z]: Peer [1003] has downloaded the piece [5] from [1002]. Now the number of pieces it has is [32]
[2021-12-07T05:32:52.163Z]: Peer [1003] has downloaded the piece [40] from [1001]. Now the number of pieces it has is [33]
[2021-12-07T05:32:52.295Z]: Peer [1003] has downloaded the piece [1] from [1001]. Now the number of pieces it has is [34]
[2021-12-07T05:32:52.296Z]: Peer [1003] has downloaded the piece [65] from [1002]. Now the number of pieces it has is [35]
[2021-12-07T05:32:52.361Z]: Peer [1003] has downloaded the piece [56] from [1002]. Now the number of pieces it has is [36]
[2021-12-07T05:32:52.369Z]: Peer [1003] has downloaded the piece [31] from [1001]. Now the number of pieces it has is [37]
[2021-12-07T05:32:52.446Z]: Peer [1003] has downloaded the piece [60] from [1002]. Now the number of pieces it has is [38]
[2021-12-07T05:32:52.451Z]: Peer [1003] has downloaded the piece [46] from [1001]. Now the number of pieces it has is [39]
[2021-12-07T05:32:52.531Z]: Peer [1003] has downloaded the piece [8] from [1002]. Now the number of pieces it has is [40]
[2021-12-07T05:32:52.531Z]: Peer [1003] has downloaded the piece [20] from [1001]. Now the number of pieces it has is [41]
[2021-12-07T05:32:52.612Z]: Peer [1003] has downloaded the piece [54] from [1001]. Now the number of pieces it has is [42]
[2021-12-07T05:32:52.612Z]: Peer [1003] has downloaded the piece [43] from [1002]. Now the number of pieces it has is [42]
[2021-12-07T05:32:52.723Z]: Peer [1003] has downloaded the piece [15] from [1002]. Now the number of pieces it has is [44]
[2021-12-07T05:32:52.729Z]: Peer [1003] has downloaded the piece [26] from [1001]. Now the number of pieces it has is [45]
[2021-12-07T05:32:52.833Z]: Peer [1003] has downloaded the piece [2] from [1002]. Now the number of pieces it has is [46]
[2021-12-07T05:32:52.841Z]: Peer [1003] has downloaded the piece [10] from [1001]. Now the number of pieces it has is [47]
[2021-12-07T05:32:52.924Z]: Peer [1003] has downloaded the piece [4] from [1001]. Now the number of pieces it has is [48]
[2021-12-07T05:32:52.938Z]: Peer [1003] has downloaded the piece [36] from [1002]. Now the number of pieces it has is [49]
[2021-12-07T05:32:53.015Z]: Peer [1003] has downloaded the piece [52] from [1001]. Now the number of pieces it has is [50]
[2021-12-07T05:32:53.051Z]: Peer [1003] has downloaded the piece [47] from [1002]. Now the number of pieces it has is [51]
[2021-12-07T05:32:53.118Z]: Peer [1003] has downloaded the piece [45] from [1001]. Now the number of pieces it has is [52]
[2021-12-07T05:32:53.124Z]: Peer [1003] has downloaded the piece [41] from [1002]. Now the number of pieces it has is [53]
[2021-12-07T05:32:53.190Z]: Peer [1003] has downloaded the piece [64] from [1001]. Now the number of pieces it has is [54]
[2021-12-07T05:32:53.758Z]: Peer [1003] has downloaded the piece [35] from [1002]. Now the number of pieces it has is [55]
[2021-12-07T05:32:53.801Z]: Peer [1003] has downloaded the piece [17] from [1001]. Now the number of pieces it has is [56]
[2021-12-07T05:32:53.907Z]: Peer [1003] has downloaded the piece [27] from [1002]. Now the number of pieces it has is [57]
[2021-12-07T05:32:54.003Z]: Peer [1003] has downloaded the piece [32] from [1001]. Now the number of pieces it has is [58]
[2021-12-07T05:32:54.022Z]: Peer [1003] has downloaded the piece [19] from [1002]. Now the number of pieces it has is [59]
[2021-12-07T05:32:54.108Z]: Peer [1003] has downloaded the piece [7] from [1002]. Now the number of pieces it has is [60]
[2021-12-07T05:32:54.172Z]: Peer [1003] has downloaded the piece [25] from [1001]. Now the number of pieces it has is [61]
[2021-12-07T05:32:54.180Z]: Peer [1003] has downloaded the piece [3] from [1002]. Now the number of pieces it has is [62]
[2021-12-07T05:32:54.229Z]: Peer [1003] has downloaded the piece [25] from [1001]. Now the number of pieces it has is [63]
[2021-12-07T05:32:54.265Z]: Peer [1003] has downloaded the piece [42] from [1002]. Now the number of pieces it has is [63]
[2021-12-07T05:32:54.349Z]: Peer [1003] has downloaded the piece [24] from [1002]. Now the number of pieces it has is [64]
[2021-12-07T05:32:54.428Z]: Peer [1003] has downloaded the piece [38] from [1002]. Now the number of pieces it has is [65]
[2021-12-07T05:32:54.548Z]: Peer [1003] has downloaded the piece [57] from [1002]. Now the number of pieces it has is [66]
[2021-12-07T05:32:55.313Z]: Peer [1003] has the preferred neighbors []
[2021-12-07T05:32:55.687Z]: Peer [1003] is choked by [1001]
[2021-12-07T05:32:55.687Z]: Peer [1003] is unchoked by [1001]
[2021-12-07T05:32:55.999Z]: Peer [1003] is choked by [1002]
[2021-12-07T05:32:55.999Z]: Peer [1003] is unchoked by [1002]
[2021-12-07T05:33:00.153Z]: Peer [1003] has the preferred neighbors []
[2021-12-07T05:33:00.820Z]: Peer [1003] is choked by [1001]
[2021-12-07T05:33:00.939Z]: Peer [1003] is unchoked by [1001]
[2021-12-07T05:33:00.948Z]: Peer [1003] is choked by [1002]
[2021-12-07T05:33:00.948Z]: Peer [1003] is unchoked by [1002]
[2021-12-07T05:33:01.385Z]: Peer [1003] has the optimistically unchoked neighbor []
[2021-12-07T05:33:05.132Z]: Peer [1003] has the preferred neighbors []
[2021-12-07T05:33:05.750Z]: Peer [1003] is choked by [1001]
[2021-12-07T05:33:05.751Z]: Peer [1003] is choked by [1002]
[2021-12-07T05:33:05.752Z]: Peer [1003] is unchoked by [1002]
[2021-12-07T05:33:05.802Z]: Peer [1003] is unchoked by [1001]
[2021-12-07T05:33:05.938Z]: Peer [1003] has downloaded the piece [14] from [1001]. Now the number of pieces it has is [67]
[2021-12-07T05:33:05.946Z]: Peer [1003] has downloaded the complete file
[2021-12-07T05:33:06.366Z]: Peer [1003] is connected from Peer [1004]
[2021-12-07T05:33:06.826Z]: Peer [1003] received the ‘interested’ message from [1004]
[2021-12-07T05:33:10.138Z]: Peer [1003] has the preferred neighbors [1004, ]
[2021-12-07T05:33:10.511Z]: Peer [1003] received the ‘have’ message from [1004] for the piece [9]
[2021-12-07T05:33:10.669Z]: Peer [1003] received the ‘have’ message from [1004] for the piece [51]
[2021-12-07T05:33:10.708Z]: Peer [1003] is choked by [1001]
[2021-12-07T05:33:10.746Z]: Peer [1003] is choked by [1002]
[2021-12-07T05:33:10.812Z]: Peer [1003] received the ‘have’ message from [1004] for the piece [23]
[2021-12-07T05:33:10.915Z]: Peer [1003] received the ‘have’ message from [1004] for the piece [19]
[2021-12-07T05:33:10.930Z]: Peer [1003] received the ‘have’ message from [1004] for the piece [54]
[2021-12-07T05:33:11.026Z]: Peer [1003] received the ‘have’ message from [1004] for the piece [0]
[2021-12-07T05:33:11.148Z]: Peer [1003] has the optimistically unchoked neighbor []
[2021-12-07T05:33:11.181Z]: Peer [1003] received the ‘have’ message from [1004] for the piece [33]
[2021-12-07T05:33:11.182Z]: Peer [1003] received the ‘have’ message from [1004] for the piece [29]
[2021-12-07T05:33:11.303Z]: Peer [1003] received the ‘have’ message from [1004] for the piece [20]
[2021-12-07T05:33:11.303Z]: Peer [1003] received the ‘have’ message from [1004] for the piece [47]
[2021-12-07T05:33:11.551Z]: Peer [1003] received the ‘have’ message from [1004] for the piece [64]
[2021-12-07T05:33:11.551Z]: Peer [1003] received the ‘have’ message from [1004] for the piece [24]
[2021-12-07T05:33:11.551Z]: Peer [1003] received the ‘have’ message from [1004] for the piece [56]
[2021-12-07T05:33:11.664Z]: Peer [1003] received the ‘have’ message from [1004] for the piece [6]
[2021-12-07T05:33:11.664Z]: Peer [1003] received the ‘have’ message from [1004] for the piece [49]
[2021-12-07T05:33:11.746Z]: Peer [1003] received the ‘have’ message from [1004] for the piece [37]
[2021-12-07T05:33:11.751Z]: Peer [1003] received the ‘have’ message from [1004] for the piece [6]
[2021-12-07T05:33:11.868Z]: Peer [1003] received the ‘have’ message from [1004] for the piece [28]
[2021-12-07T05:33:11.894Z]: Peer [1003] received the ‘have’ message from [1004] for the piece [38]
[2021-12-07T05:33:12.025Z]: Peer [1003] received the ‘have’ message from [1004] for the piece [21]
[2021-12-07T05:33:12.102Z]: Peer [1003] received the ‘have’ message from [1004] for the piece [57]
[2021-12-07T05:33:12.202Z]: Peer [1003] received the ‘have’ message from [1004] for the piece [58]
[2021-12-07T05:33:12.270Z]: Peer [1003] received the ‘have’ message from [1004] for the piece [5]
[2021-12-07T05:33:12.345Z]: Peer [1003] received the ‘have’ message from [1004] for the piece [10]
[2021-12-07T05:33:15.149Z]: Peer [1003] has the preferred neighbors [1004, ]
[2021-12-07T05:33:16.749Z]: Peer [1003] received the ‘have’ message from [1004] for the piece [63]
[2021-12-07T05:33:16.773Z]: Peer [1003] received the ‘have’ message from [1004] for the piece [60]
[2021-12-07T05:33:16.903Z]: Peer [1003] received the ‘have’ message from [1004] for the piece [14]
[2021-12-07T05:33:16.903Z]: Peer [1003] received the ‘have’ message from [1004] for the piece [40]
[2021-12-07T05:33:16.974Z]: Peer [1003] received the ‘have’ message from [1004] for the piece [12]
[2021-12-07T05:33:17.017Z]: Peer [1003] received the ‘have’ message from [1004] for the piece [59]
[2021-12-07T05:33:17.032Z]: Peer [1003] received the ‘have’ message from [1004] for the piece [25]
[2021-12-07T05:33:17.122Z]: Peer [1003] received the ‘have’ message from [1004] for the piece [44]
[2021-12-07T05:33:17.162Z]: Peer [1003] received the ‘have’ message from [1004] for the piece [11]
[2021-12-07T05:33:17.186Z]: Peer [1003] received the ‘have’ message from [1004] for the piece [55]
[2021-12-07T05:33:17.231Z]: Peer [1003] received the ‘have’ message from [1004] for the piece [42]
[2021-12-07T05:33:17.248Z]: Peer [1003] received the ‘have’ message from [1004] for the piece [15]
[2021-12-07T05:33:17.359Z]: Peer [1003] received the ‘have’ message from [1004] for the piece [46]
[2021-12-07T05:33:17.359Z]: Peer [1003] received the ‘have’ message from [1004] for the piece [3]
[2021-12-07T05:33:17.406Z]: Peer [1003] received the ‘have’ message from [1004] for the piece [13]
[2021-12-07T05:33:17.477Z]: Peer [1003] received the ‘have’ message from [1004] for the piece [66]
[2021-12-07T05:33:17.509Z]: Peer [1003] received the ‘have’ message from [1004] for the piece [17]
[2021-12-07T05:33:17.523Z]: Peer [1003] received the ‘have’ message from [1004] for the piece [62]
[2021-12-07T05:33:17.636Z]: Peer [1003] received the ‘have’ message from [1004] for the piece [4]
[2021-12-07T05:33:17.636Z]: Peer [1003] received the ‘have’ message from [1004] for the piece [2]
[2021-12-07T05:33:17.641Z]: Peer [1003] received the ‘have’ message from [1004] for the piece [41]
[2021-12-07T05:33:17.720Z]: Peer [1003] received the ‘have’ message from [1004] for the piece [35]
[2021-12-07T05:33:17.781Z]: Peer [1003] received the ‘have’ message from [1004] for the piece [22]
[2021-12-07T05:33:17.790Z]: Peer [1003] received the ‘have’ message from [1004] for the piece [1]
[2021-12-07T05:33:17.805Z]: Peer [1003] received the ‘have’ message from [1004] for the piece [27]
[2021-12-07T05:33:17.869Z]: Peer [1003] received the ‘have’ message from [1004] for the piece [31]
[2021-12-07T05:33:17.926Z]: Peer [1003] received the ‘have’ message from [1004] for the piece [8]
[2021-12-07T05:33:17.947Z]: Peer [1003] received the ‘have’ message from [1004] for the piece [36]
[2021-12-07T05:33:17.978Z]: Peer [1003] received the ‘have’ message from [1004] for the piece [48]
[2021-12-07T05:33:18.076Z]: Peer [1003] received the ‘have’ message from [1004] for the piece [52]
[2021-12-07T05:33:18.076Z]: Peer [1003] received the ‘have’ message from [1004] for the piece [43]
[2021-12-07T05:33:18.108Z]: Peer [1003] received the ‘have’ message from [1004] for the piece [61]
[2021-12-07T05:33:18.165Z]: Peer [1003] received the ‘have’ message from [1004] for the piece [18]
[2021-12-07T05:33:18.173Z]: Peer [1003] received the ‘have’ message from [1004] for the piece [34]
[2021-12-07T05:33:18.241Z]: Peer [1003] received the ‘have’ message from [1004] for the piece [53]
[2021-12-07T05:33:20.112Z]: Peer [1003] has the preferred neighbors [1004, ]
[2021-12-07T05:33:21.119Z]: Peer [1003] has the optimistically unchoked neighbor []
[2021-12-07T05:33:22.852Z]: Peer [1003] received the ‘have’ message from [1004] for the piece [7]
[2021-12-07T05:33:22.879Z]: Peer [1003] received the ‘have’ message from [1004] for the piece [16]
[2021-12-07T05:33:22.977Z]: Peer [1003] received the ‘have’ message from [1004] for the piece [32]
[2021-12-07T05:33:22.979Z]: Peer [1003] received the ‘have’ message from [1004] for the piece [26]
[2021-12-07T05:33:23.045Z]: Peer [1003] received the ‘have’ message from [1004] for the piece [50]
[2021-12-07T05:33:23.076Z]: Peer [1003] received the ‘have’ message from [1004] for the piece [45]
[2021-12-07T05:33:25.118Z]: Peer [1003] has the preferred neighbors [1004, ]
[2021-12-07T05:33:30.125Z]: Peer [1003] has the preferred neighbors [1004, ]
[2021-12-07T05:33:30.475Z]: Peer [1003] received the ‘have’ message from [1004] for the piece [30]
[2021-12-07T05:33:30.484Z]: Peer [1003] received the ‘have’ message from [1004] for the piece [65]
[2021-12-07T05:33:30.594Z]: Peer [1003] received the ‘have’ message from [1004] for the piece [39]
[2021-12-07T05:33:30.594Z]: Peer [1003] received the ‘not interested’ message from [1004]
[2021-12-07T05:33:31.122Z]: Peer [1003] has the optimistically unchoked neighbor []
[2021-12-07T05:33:35.133Z]: Peer [1003] has the preferred neighbors []
[2021-12-07T05:33:38.269Z]: Peer [1003] is connected from Peer [1006]
[2021-12-07T05:33:38.473Z]: Peer [1003] received the ‘not interested’ message from [1006]
[2021-12-07T05:33:39.338Z]: Peer [1003] is connected from Peer [1005]
[2021-12-07T05:33:40.120Z]: Peer [1003] received the ‘interested’ message from [1005]
[2021-12-07T05:33:40.223Z]: Peer [1003] has the preferred neighbors [1005, ]
[2021-12-07T05:33:41.266Z]: Peer [1003] has the optimistically unchoked neighbor []
[2021-12-07T05:33:45.209Z]: Peer [1003] has the preferred neighbors [1005, ]
[2021-12-07T05:33:46.521Z]: Peer [1003] received the ‘have’ message from [1005] for the piece [0]
[2021-12-07T05:33:46.521Z]: Peer [1003] received the ‘have’ message from [1005] for the piece [7]
[2021-12-07T05:33:46.521Z]: Peer [1003] received the ‘have’ message from [1005] for the piece [0]
[2021-12-07T05:33:47.652Z]: Peer [1003] received the ‘have’ message from [1005] for the piece [17]
[2021-12-07T05:33:47.652Z]: Peer [1003] received the ‘have’ message from [1005] for the piece [22]
[2021-12-07T05:33:47.811Z]: Peer [1003] received the ‘have’ message from [1005] for the piece [53]
[2021-12-07T05:33:47.812Z]: Peer [1003] received the ‘have’ message from [1005] for the piece [64]
[2021-12-07T05:33:50.247Z]: Peer [1003] has the preferred neighbors [1005, ]
[2021-12-07T05:33:51.184Z]: Peer [1003] has the optimistically unchoked neighbor []
[2021-12-07T05:33:52.888Z]: Peer [1003] received the ‘have’ message from [1005] for the piece [25]
[2021-12-07T05:33:52.888Z]: Peer [1003] received the ‘have’ message from [1005] for the piece [9]
[2021-12-07T05:33:53.261Z]: Peer [1003] received the ‘have’ message from [1005] for the piece [22]
[2021-12-07T05:33:53.261Z]: Peer [1003] received the ‘have’ message from [1005] for the piece [15]
[2021-12-07T05:33:53.632Z]: Peer [1003] received the ‘have’ message from [1005] for the piece [6]
[2021-12-07T05:33:53.632Z]: Peer [1003] received the ‘have’ message from [1005] for the piece [46]
[2021-12-07T05:33:54.369Z]: Peer [1003] received the ‘have’ message from [1005] for the piece [39]
[2021-12-07T05:33:54.369Z]: Peer [1003] received the ‘have’ message from [1005] for the piece [31]
[2021-12-07T05:33:55.525Z]: Peer [1003] received the ‘have’ message from [1005] for the piece [55]
[2021-12-07T05:33:55.525Z]: Peer [1003] received the ‘have’ message from [1005] for the piece [51]
[2021-12-07T05:33:55.532Z]: Peer [1003] has the preferred neighbors [1005, ]
[2021-12-07T05:33:55.673Z]: Peer [1003] received the ‘have’ message from [1005] for the piece [50]
[2021-12-07T05:33:55.673Z]: Peer [1003] received the ‘have’ message from [1005] for the piece [57]
[2021-12-07T05:34:00.191Z]: Peer [1003] has the preferred neighbors [1005, ]
[2021-12-07T05:34:01.215Z]: Peer [1003] has the optimistically unchoked neighbor []
[2021-12-07T05:34:01.612Z]: Peer [1003] received the ‘have’ message from [1005] for the piece [5]
[2021-12-07T05:34:01.612Z]: Peer [1003] received the ‘have’ message from [1005] for the piece [26]
[2021-12-07T05:34:01.612Z]: Peer [1003] received the ‘have’ message from [1005] for the piece [56]
[2021-12-07T05:34:01.612Z]: Peer [1003] received the ‘have’ message from [1005] for the piece [50]
[2021-12-07T05:34:05.235Z]: Peer [1003] has the preferred neighbors [1005, ]
[2021-12-07T05:34:06.810Z]: Peer [1003] received the ‘have’ message from [1005] for the piece [42]
[2021-12-07T05:34:07.547Z]: Peer [1003] received the ‘have’ message from [1005] for the piece [16]
[2021-12-07T05:34:07.547Z]: Peer [1003] received the ‘have’ message from [1005] for the piece [52]
[2021-12-07T05:34:07.685Z]: Peer [1003] received the ‘have’ message from [1005] for the piece [33]
[2021-12-07T05:34:07.818Z]: Peer [1003] received the ‘have’ message from [1005] for the piece [58]
[2021-12-07T05:34:10.237Z]: Peer [1003] has the preferred neighbors [1005, ]
[2021-12-07T05:34:11.235Z]: Peer [1003] has the optimistically unchoked neighbor []
[2021-12-07T05:34:11.286Z]: Peer [1003] received the ‘have’ message from [1005] for the piece [1]
[2021-12-07T05:34:11.413Z]: Peer [1003] received the ‘have’ message from [1005] for the piece [27]
[2021-12-07T05:34:11.560Z]: Peer [1003] received the ‘have’ message from [1005] for the piece [44]
[2021-12-07T05:34:11.579Z]: Peer [1003] received the ‘have’ message from [1005] for the piece [38]
[2021-12-07T05:34:11.931Z]: Peer [1003] received the ‘have’ message from [1005] for the piece [4]
[2021-12-07T05:34:11.934Z]: Peer [1003] received the ‘have’ message from [1005] for the piece [30]
[2021-12-07T05:34:15.230Z]: Peer [1003] has the preferred neighbors [1005, ]
[2021-12-07T05:34:16.111Z]: Peer [1003] received the ‘have’ message from [1005] for the piece [63]
[2021-12-07T05:34:16.111Z]: Peer [1003] received the ‘have’ message from [1005] for the piece [27]