[2021-12-07T05:33:06.131Z]: Peer [1004] makes a TCP Connection to Peer [1001]
[2021-12-07T05:33:06.270Z]: Peer [1004] makes a TCP Connection to Peer [1002]
[2021-12-07T05:33:06.272Z]: Peer [1004] makes a TCP Connection to Peer [1003]
[2021-12-07T05:33:06.791Z]: Peer [1004] is connected from Peer [1001]
[2021-12-07T05:33:06.792Z]: Peer [1004] is connected from Peer [1003]
[2021-12-07T05:33:06.792Z]: Peer [1004] is connected from Peer [1002]
[2021-12-07T05:33:06.826Z]: Peer [1004] received the ‘not interested’ message from [1003]
[2021-12-07T05:33:06.872Z]: Peer [1004] received the ‘not interested’ message from [1002]
[2021-12-07T05:33:06.874Z]: Peer [1004] received the ‘not interested’ message from [1001]
[2021-12-07T05:33:07.030Z]: Peer [1004] has the preferred neighbors []
[2021-12-07T05:33:07.829Z]: Peer [1004] has the optimistically unchoked neighbor []
[2021-12-07T05:33:10.138Z]: Peer [1004] is unchoked by [1003]
[2021-12-07T05:33:10.459Z]: Peer [1004] has downloaded the piece [9] from [1003]. Now the number of pieces it has is [1]
[2021-12-07T05:33:10.646Z]: Peer [1004] has downloaded the piece [51] from [1003]. Now the number of pieces it has is [2]
[2021-12-07T05:33:10.708Z]: Peer [1004] is unchoked by [1001]
[2021-12-07T05:33:10.724Z]: Peer [1004] is unchoked by [1002]
[2021-12-07T05:33:10.811Z]: Peer [1004] has downloaded the piece [23] from [1003]. Now the number of pieces it has is [3]
[2021-12-07T05:33:10.886Z]: Peer [1004] has downloaded the piece [19] from [1002]. Now the number of pieces it has is [4]
[2021-12-07T05:33:10.926Z]: Peer [1004] has downloaded the piece [54] from [1001]. Now the number of pieces it has is [5]
[2021-12-07T05:33:10.966Z]: Peer [1004] has downloaded the piece [0] from [1003]. Now the number of pieces it has is [6]
[2021-12-07T05:33:11.025Z]: Peer [1004] has downloaded the piece [33] from [1002]. Now the number of pieces it has is [7]
[2021-12-07T05:33:11.157Z]: Peer [1004] has downloaded the piece [29] from [1003]. Now the number of pieces it has is [8]
[2021-12-07T05:33:11.259Z]: Peer [1004] has downloaded the piece [20] from [1001]. Now the number of pieces it has is [9]
[2021-12-07T05:33:11.259Z]: Peer [1004] has downloaded the piece [47] from [1002]. Now the number of pieces it has is [10]
[2021-12-07T05:33:11.422Z]: Peer [1004] has downloaded the piece [64] from [1001]. Now the number of pieces it has is [11]
[2021-12-07T05:33:11.430Z]: Peer [1004] has downloaded the piece [24] from [1003]. Now the number of pieces it has is [12]
[2021-12-07T05:33:11.502Z]: Peer [1004] has downloaded the piece [56] from [1002]. Now the number of pieces it has is [13]
[2021-12-07T05:33:11.638Z]: Peer [1004] has downloaded the piece [6] from [1003]. Now the number of pieces it has is [14]
[2021-12-07T05:33:11.638Z]: Peer [1004] has downloaded the piece [49] from [1001]. Now the number of pieces it has is [15]
[2021-12-07T05:33:11.698Z]: Peer [1004] has downloaded the piece [37] from [1002]. Now the number of pieces it has is [16]
[2021-12-07T05:33:11.751Z]: Peer [1004] has downloaded the piece [6] from [1003]. Now the number of pieces it has is [17]
[2021-12-07T05:33:11.830Z]: Peer [1004] has downloaded the piece [28] from [1001]. Now the number of pieces it has is [17]
[2021-12-07T05:33:11.864Z]: Peer [1004] has the preferred neighbors []
[2021-12-07T05:33:11.869Z]: Peer [1004] has downloaded the piece [38] from [1002]. Now the number of pieces it has is [18]
[2021-12-07T05:33:11.980Z]: Peer [1004] has downloaded the piece [21] from [1001]. Now the number of pieces it has is [19]
[2021-12-07T05:33:12.101Z]: Peer [1004] has downloaded the piece [57] from [1002]. Now the number of pieces it has is [20]
[2021-12-07T05:33:12.178Z]: Peer [1004] has downloaded the piece [58] from [1002]. Now the number of pieces it has is [21]
[2021-12-07T05:33:12.208Z]: Peer [1004] has downloaded the piece [5] from [1001]. Now the number of pieces it has is [22]
[2021-12-07T05:33:12.345Z]: Peer [1004] has downloaded the piece [10] from [1002]. Now the number of pieces it has is [23]
[2021-12-07T05:33:16.741Z]: Peer [1004] is choked by [1003]
[2021-12-07T05:33:16.741Z]: Peer [1004] is choked by [1001]
[2021-12-07T05:33:16.741Z]: Peer [1004] is choked by [1002]
[2021-12-07T05:33:16.741Z]: Peer [1004] is unchoked by [1002]
[2021-12-07T05:33:16.741Z]: Peer [1004] is unchoked by [1003]
[2021-12-07T05:33:16.741Z]: Peer [1004] is unchoked by [1001]
[2021-12-07T05:33:16.742Z]: Peer [1004] has downloaded the piece [63] from [1001]. Now the number of pieces it has is [24]
[2021-12-07T05:33:16.767Z]: Peer [1004] has downloaded the piece [60] from [1002]. Now the number of pieces it has is [25]
[2021-12-07T05:33:16.829Z]: Peer [1004] has the preferred neighbors []
[2021-12-07T05:33:16.831Z]: Peer [1004] has downloaded the piece [40] from [1001]. Now the number of pieces it has is [26]
[2021-12-07T05:33:16.858Z]: Peer [1004] has downloaded the piece [14] from [1002]. Now the number of pieces it has is [27]
[2021-12-07T05:33:16.903Z]: Peer [1004] has downloaded the piece [12] from [1003]. Now the number of pieces it has is [28]
[2021-12-07T05:33:17.011Z]: Peer [1004] has downloaded the piece [59] from [1002]. Now the number of pieces it has is [29]
[2021-12-07T05:33:17.032Z]: Peer [1004] has downloaded the piece [25] from [1001]. Now the number of pieces it has is [30]
[2021-12-07T05:33:17.095Z]: Peer [1004] has downloaded the piece [44] from [1003]. Now the number of pieces it has is [31]
[2021-12-07T05:33:17.156Z]: Peer [1004] has downloaded the piece [11] from [1002]. Now the number of pieces it has is [32]
[2021-12-07T05:33:17.184Z]: Peer [1004] has downloaded the piece [55] from [1001]. Now the number of pieces it has is [33]
[2021-12-07T05:33:17.230Z]: Peer [1004] has downloaded the piece [42] from [1002]. Now the number of pieces it has is [34]
[2021-12-07T05:33:17.248Z]: Peer [1004] has downloaded the piece [15] from [1003]. Now the number of pieces it has is [35]
[2021-12-07T05:33:17.339Z]: Peer [1004] has downloaded the piece [3] from [1001]. Now the number of pieces it has is [36]
[2021-12-07T05:33:17.341Z]: Peer [1004] has downloaded the piece [46] from [1002]. Now the number of pieces it has is [37]
[2021-12-07T05:33:17.405Z]: Peer [1004] has downloaded the piece [13] from [1003]. Now the number of pieces it has is [38]
[2021-12-07T05:33:17.476Z]: Peer [1004] has downloaded the piece [66] from [1001]. Now the number of pieces it has is [39]
[2021-12-07T05:33:17.489Z]: Peer [1004] has downloaded the piece [17] from [1002]. Now the number of pieces it has is [40]
[2021-12-07T05:33:17.511Z]: Peer [1004] has downloaded the piece [62] from [1003]. Now the number of pieces it has is [41]
[2021-12-07T05:33:17.620Z]: Peer [1004] has downloaded the piece [4] from [1002]. Now the number of pieces it has is [42]
[2021-12-07T05:33:17.620Z]: Peer [1004] has downloaded the piece [2] from [1001]. Now the number of pieces it has is [43]
[2021-12-07T05:33:17.641Z]: Peer [1004] has downloaded the piece [41] from [1003]. Now the number of pieces it has is [44]
[2021-12-07T05:33:17.709Z]: Peer [1004] has downloaded the piece [35] from [1002]. Now the number of pieces it has is [45]
[2021-12-07T05:33:17.754Z]: Peer [1004] has downloaded the piece [22] from [1003]. Now the number of pieces it has is [46]
[2021-12-07T05:33:17.789Z]: Peer [1004] has downloaded the piece [1] from [1002]. Now the number of pieces it has is [47]
[2021-12-07T05:33:17.805Z]: Peer [1004] has downloaded the piece [27] from [1001]. Now the number of pieces it has is [48]
[2021-12-07T05:33:17.823Z]: Peer [1004] has the optimistically unchoked neighbor []
[2021-12-07T05:33:17.862Z]: Peer [1004] has downloaded the piece [31] from [1002]. Now the number of pieces it has is [49]
[2021-12-07T05:33:17.880Z]: Peer [1004] has downloaded the piece [8] from [1003]. Now the number of pieces it has is [50]
[2021-12-07T05:33:17.946Z]: Peer [1004] has downloaded the piece [36] from [1001]. Now the number of pieces it has is [51]
[2021-12-07T05:33:17.968Z]: Peer [1004] has downloaded the piece [48] from [1002]. Now the number of pieces it has is [52]
[2021-12-07T05:33:18.075Z]: Peer [1004] has downloaded the piece [52] from [1003]. Now the number of pieces it has is [53]
[2021-12-07T05:33:18.075Z]: Peer [1004] has downloaded the piece [43] from [1002]. Now the number of pieces it has is [54]
[2021-12-07T05:33:18.107Z]: Peer [1004] has downloaded the piece [61] from [1001]. Now the number of pieces it has is [55]
[2021-12-07T05:33:18.165Z]: Peer [1004] has downloaded the piece [18] from [1002]. Now the number of pieces it has is [56]
[2021-12-07T05:33:18.173Z]: Peer [1004] has downloaded the piece [34] from [1003]. Now the number of pieces it has is [57]
[2021-12-07T05:33:18.240Z]: Peer [1004] has downloaded the piece [53] from [1002]. Now the number of pieces it has is [58]
[2021-12-07T05:33:21.823Z]: Peer [1004] has the preferred neighbors []
[2021-12-07T05:33:22.846Z]: Peer [1004] has downloaded the piece [7] from [1001]. Now the number of pieces it has is [59]
[2021-12-07T05:33:22.846Z]: Peer [1004] is choked by [1003]
[2021-12-07T05:33:22.846Z]: Peer [1004] is choked by [1002]
[2021-12-07T05:33:22.847Z]: Peer [1004] is unchoked by [1003]
[2021-12-07T05:33:22.847Z]: Peer [1004] is unchoked by [1002]
[2021-12-07T05:33:22.847Z]: Peer [1004] is choked by [1001]
[2021-12-07T05:33:22.847Z]: Peer [1004] is unchoked by [1001]
[2021-12-07T05:33:22.878Z]: Peer [1004] has downloaded the piece [16] from [1002]. Now the number of pieces it has is [60]
[2021-12-07T05:33:22.943Z]: Peer [1004] has downloaded the piece [32] from [1002]. Now the number of pieces it has is [61]
[2021-12-07T05:33:22.979Z]: Peer [1004] has downloaded the piece [26] from [1001]. Now the number of pieces it has is [62]
[2021-12-07T05:33:23.011Z]: Peer [1004] has downloaded the piece [50] from [1003]. Now the number of pieces it has is [63]
[2021-12-07T05:33:23.075Z]: Peer [1004] has downloaded the piece [45] from [1002]. Now the number of pieces it has is [64]
[2021-12-07T05:33:26.823Z]: Peer [1004] has the preferred neighbors []
[2021-12-07T05:33:27.816Z]: Peer [1004] has the optimistically unchoked neighbor []
[2021-12-07T05:33:30.416Z]: Peer [1004] is choked by [1002]
[2021-12-07T05:33:30.417Z]: Peer [1004] is choked by [1001]
[2021-12-07T05:33:30.417Z]: Peer [1004] is unchoked by [1001]
[2021-12-07T05:33:30.424Z]: Peer [1004] is choked by [1003]
[2021-12-07T05:33:30.424Z]: Peer [1004] is unchoked by [1002]
[2021-12-07T05:33:30.424Z]: Peer [1004] is unchoked by [1003]
[2021-12-07T05:33:30.424Z]: Peer [1004] is choked by [1003]
[2021-12-07T05:33:30.424Z]: Peer [1004] is unchoked by [1003]
[2021-12-07T05:33:30.426Z]: Peer [1004] has downloaded the piece [30] from [1001]. Now the number of pieces it has is [65]
[2021-12-07T05:33:30.483Z]: Peer [1004] has downloaded the piece [65] from [1003]. Now the number of pieces it has is [66]
[2021-12-07T05:33:30.553Z]: Peer [1004] has downloaded the piece [39] from [1001]. Now the number of pieces it has is [67]
[2021-12-07T05:33:30.554Z]: Peer [1004] has downloaded the complete file
[2021-12-07T05:33:30.767Z]: Peer [1004] is choked by [1002]
[2021-12-07T05:33:30.769Z]: Peer [1004] is choked by [1001]
[2021-12-07T05:33:31.837Z]: Peer [1004] has the preferred neighbors []
[2021-12-07T05:33:35.163Z]: Peer [1004] is choked by [1003]
[2021-12-07T05:33:36.843Z]: Peer [1004] has the preferred neighbors []
[2021-12-07T05:33:37.823Z]: Peer [1004] has the optimistically unchoked neighbor []
[2021-12-07T05:33:38.301Z]: Peer [1004] is connected from Peer [1006]
[2021-12-07T05:33:38.595Z]: Peer [1004] received the ‘not interested’ message from [1006]
[2021-12-07T05:33:39.240Z]: Peer [1004] is connected from Peer [1005]
[2021-12-07T05:33:40.515Z]: Peer [1004] received the ‘interested’ message from [1005]
[2021-12-07T05:33:41.908Z]: Peer [1004] has the preferred neighbors [1005, ]
[2021-12-07T05:33:46.588Z]: Peer [1004] received the ‘have’ message from [1005] for the piece [0]
[2021-12-07T05:33:46.588Z]: Peer [1004] received the ‘have’ message from [1005] for the piece [7]
[2021-12-07T05:33:46.588Z]: Peer [1004] received the ‘have’ message from [1005] for the piece [0]
[2021-12-07T05:33:47.407Z]: Peer [1004] has the preferred neighbors [1005, ]
[2021-12-07T05:33:47.559Z]: Peer [1004] received the ‘have’ message from [1005] for the piece [17]
[2021-12-07T05:33:47.680Z]: Peer [1004] received the ‘have’ message from [1005] for the piece [22]
[2021-12-07T05:33:47.839Z]: Peer [1004] received the ‘have’ message from [1005] for the piece [53]
[2021-12-07T05:33:47.839Z]: Peer [1004] received the ‘have’ message from [1005] for the piece [64]
[2021-12-07T05:33:47.911Z]: Peer [1004] has the optimistically unchoked neighbor []
[2021-12-07T05:33:51.925Z]: Peer [1004] has the preferred neighbors [1005, ]
[2021-12-07T05:33:52.741Z]: Peer [1004] received the ‘have’ message from [1005] for the piece [25]
[2021-12-07T05:33:52.741Z]: Peer [1004] received the ‘have’ message from [1005] for the piece [9]
[2021-12-07T05:33:53.226Z]: Peer [1004] received the ‘have’ message from [1005] for the piece [22]
[2021-12-07T05:33:53.363Z]: Peer [1004] received the ‘have’ message from [1005] for the piece [15]
[2021-12-07T05:33:53.506Z]: Peer [1004] received the ‘have’ message from [1005] for the piece [6]
[2021-12-07T05:33:53.514Z]: Peer [1004] received the ‘have’ message from [1005] for the piece [46]
[2021-12-07T05:33:54.881Z]: Peer [1004] received the ‘have’ message from [1005] for the piece [39]
[2021-12-07T05:33:54.882Z]: Peer [1004] received the ‘have’ message from [1005] for the piece [31]
[2021-12-07T05:33:55.488Z]: Peer [1004] received the ‘have’ message from [1005] for the piece [55]
[2021-12-07T05:33:55.488Z]: Peer [1004] received the ‘have’ message from [1005] for the piece [51]
[2021-12-07T05:33:55.638Z]: Peer [1004] received the ‘have’ message from [1005] for the piece [50]
[2021-12-07T05:33:55.638Z]: Peer [1004] received the ‘have’ message from [1005] for the piece [57]
[2021-12-07T05:33:56.909Z]: Peer [1004] has the preferred neighbors [1005, ]
[2021-12-07T05:33:57.897Z]: Peer [1004] has the optimistically unchoked neighbor []
[2021-12-07T05:34:01.677Z]: Peer [1004] received the ‘have’ message from [1005] for the piece [5]
[2021-12-07T05:34:01.677Z]: Peer [1004] received the ‘have’ message from [1005] for the piece [26]
[2021-12-07T05:34:01.677Z]: Peer [1004] received the ‘have’ message from [1005] for the piece [56]
[2021-12-07T05:34:01.677Z]: Peer [1004] received the ‘have’ message from [1005] for the piece [50]
[2021-12-07T05:34:01.921Z]: Peer [1004] has the preferred neighbors [1005, ]
[2021-12-07T05:34:06.820Z]: Peer [1004] received the ‘have’ message from [1005] for the piece [42]
[2021-12-07T05:34:07.410Z]: Peer [1004] has the preferred neighbors [1005, ]
[2021-12-07T05:34:07.429Z]: Peer [1004] received the ‘have’ message from [1005] for the piece [16]
[2021-12-07T05:34:07.579Z]: Peer [1004] received the ‘have’ message from [1005] for the piece [52]
[2021-12-07T05:34:07.711Z]: Peer [1004] received the ‘have’ message from [1005] for the piece [33]
[2021-12-07T05:34:07.854Z]: Peer [1004] received the ‘have’ message from [1005] for the piece [58]
[2021-12-07T05:34:07.923Z]: Peer [1004] has the optimistically unchoked neighbor []
[2021-12-07T05:34:11.322Z]: Peer [1004] received the ‘have’ message from [1005] for the piece [1]
[2021-12-07T05:34:11.464Z]: Peer [1004] received the ‘have’ message from [1005] for the piece [27]
[2021-12-07T05:34:11.464Z]: Peer [1004] received the ‘have’ message from [1005] for the piece [44]
[2021-12-07T05:34:11.603Z]: Peer [1004] received the ‘have’ message from [1005] for the piece [38]
[2021-12-07T05:34:11.914Z]: Peer [1004] has the preferred neighbors [1005, ]
[2021-12-07T05:34:11.962Z]: Peer [1004] received the ‘have’ message from [1005] for the piece [4]
[2021-12-07T05:34:11.962Z]: Peer [1004] received the ‘have’ message from [1005] for the piece [30]
[2021-12-07T05:34:11.962Z]: Peer [1004] received t